<?xml version="1.0" encoding="UTF-8"?>
<testsuite xmlns:xsi="http://www.w3.org/2001/XMLSchema-instance" xsi:schemaLocation="https://maven.apache.org/surefire/maven-surefire-plugin/xsd/surefire-test-report.xsd" name="com.tika.document.AppTest" time="0.007" tests="1" errors="0" skipped="0" failures="0">
  <properties>
    <property name="java.vendor" value="IBM Corporation"/>
    <property name="sun.java.launcher" value="SUN_STANDARD"/>
    <property name="os.name" value="Windows 7"/>
    <property name="sun.boot.class.path" value="C:\Program Files\IBM\Java80\jre\bin\compressedrefs\jclSC180\vm.jar;C:\Program Files\IBM\Java80\jre\lib\se-service.jar;C:\Program Files\IBM\Java80\jre\lib\cuda4j.jar;C:\Program Files\IBM\Java80\jre\lib\math.jar;C:\Program Files\IBM\Java80\jre\lib\ibmorb.jar;C:\Program Files\IBM\Java80\jre\lib\ibmorbapi.jar;C:\Program Files\IBM\Java80\jre\lib\ibmcfw.jar;C:\Program Files\IBM\Java80\jre\lib\ibmpkcs.jar;C:\Program Files\IBM\Java80\jre\lib\ibmcertpathfw.jar;C:\Program Files\IBM\Java80\jre\lib\ibmjgssfw.jar;C:\Program Files\IBM\Java80\jre\lib\ibmjssefw.jar;C:\Program Files\IBM\Java80\jre\lib\ibmsaslfw.jar;C:\Program Files\IBM\Java80\jre\lib\ibmjcefw.jar;C:\Program Files\IBM\Java80\jre\lib\ibmjgssprovider.jar;C:\Program Files\IBM\Java80\jre\lib\ibmjsseprovider2.jar;C:\Program Files\IBM\Java80\jre\lib\ibmcertpathprovider.jar;C:\Program Files\IBM\Java80\jre\lib\xmldsigfw.jar;C:\Program Files\IBM\Java80\jre\lib\xml.jar;C:\Program Files\IBM\Java80\jre\lib\charsets.jar;C:\Program Files\IBM\Java80\jre\lib\resources.jar;C:\Program Files\IBM\Java80\jre\lib\rt.jar;C:\Program Files\IBM\Java80\jre\lib\dataaccess.jar"/>
    <property name="sun.desktop" value="windows"/>
    <property name="java.vm.specification.vendor" value="Oracle Corporation"/>
    <property name="java.runtime.version" value="pwa6480sr3fp22-20161213_02 (SR3 FP22)"/>
    <property name="user.name" value="parasmamgain"/>
    <property name="java.compiler" value="j9jit28"/>
    <property name="os.encoding" value="UTF8"/>
    <property name="guice.disable.misplaced.annotation.check" value="true"/>
    <property name="com.ibm.util.extralibs.properties" value=""/>
    <property name="com.ibm.jcl.checkClassPath" value=""/>
    <property name="user.language" value="en"/>
    <property name="com.ibm.oti.vm.bootstrap.library.path" value="C:\Program Files\IBM\Java80\jre\bin\compressedrefs;C:\Program Files\IBM\Java80\jre\bin"/>
    <property name="sun.boot.library.path" value="C:\Program Files\IBM\Java80\jre\bin\compressedrefs;C:\Program Files\IBM\Java80\jre\bin"/>
    <property name="classworlds.conf" value="C:\Users\IBM_ADMIN\ICO\.metadata\.plugins\org.eclipse.m2e.launching\launches\m2conf3839791415942254018.tmp"/>
    <property name="java.version" value="1.8.0"/>
    <property name="user.timezone" value="Asia/Calcutta"/>
    <property name="com.ibm.system.agent.path" value="C:\Program Files\IBM\Java80\jre\bin"/>
    <property name="sun.arch.data.model" value="64"/>
    <property name="com.ibm.zero.version" value="2"/>
    <property name="java.endorsed.dirs" value="C:\Program Files\IBM\Java80\jre\lib\endorsed"/>
    <property name="com.ibm.oti.vm.library.version" value="28"/>
    <property name="sun.jnu.encoding" value="Cp1252"/>
    <property name="file.encoding.pkg" value="sun.io"/>
    <property name="file.separator" value="\"/>
    <property name="java.specification.name" value="Java Platform API Specification"/>
    <property name="com.ibm.packed.version" value="2"/>
    <property name="java.class.version" value="52.0"/>
    <property name="user.country" value="US"/>
    <property name="java.home" value="C:\Program Files\IBM\Java80\jre"/>
    <property name="java.vm.info" value="JRE 1.8.0 Windows 7 amd64-64 Compressed References 20161209_329148 (JIT enabled, AOT enabled)&#10;J9VM - R28_20161209_1345_B329148&#10;JIT  - tr.r14.java.green_20161207_128946&#10;GC   - R28_20161209_1345_B329148_CMPRSS&#10;J9CL - 20161209_329148"/>
    <property name="os.version" value="6.1"/>
    <property name="java.awt.fonts" value=""/>
    <property name="path.separator" value=";"/>
    <property name="java.vm.version" value="2.8"/>
    <property name="user.variant" value=""/>
    <property name="java.awt.printerjob" value="sun.awt.windows.WPrinterJob"/>
    <property name="sun.io.unicode.encoding" value="UnicodeLittle"/>
    <property name="awt.toolkit" value="sun.awt.windows.WToolkit"/>
    <property name="ibm.signalhandling.sigint" value="true"/>
    <property name="user.home" value="C:\Users\IBM_ADMIN"/>
    <property name="com.ibm.cpu.endian" value="little"/>
    <property name="java.specification.vendor" value="Oracle Corporation"/>
    <property name="ibm.signalhandling.sigchain" value="true"/>
    <property name="java.library.path" value="C:\Program Files\IBM\Java80\jre\bin\compressedrefs;C:\Program Files\IBM\Java80\jre\bin;C:\windows\system32;C:\windows;C:\Program Files\IBM\MQ\java\lib;C:\Program Files\IBM\MQ\java\lib64;C:\Program Files (x86)\Mozilla Firefox;C:\Python27\;C:\Python27\Scripts;C:\ProgramData\Oracle\Java\javapath;C:\Perl64\site\bin;C:\Perl64\bin;C:\windows\system32;C:\windows;C:\windows\System32\Wbem;C:\windows\System32\WindowsPowerShell\v1.0\;C:\Program Files (x86)\IBM\Personal Communications\;C:\Program Files (x86)\IBM\Trace Facility\;C:\Program Files (x86)\IBM\Mobility Client\;C:\Program Files\Intel\WiFi\bin\;C:\Program Files\Common Files\Intel\WirelessCommon\;C:\Program Files\Microsoft\Web Platform Installer\;C:\Program Files (x86)\Microsoft ASP.NET\ASP.NET Web Pages\v1.0\;C:\Program Files\Microsoft SQL Server\110\Tools\Binn\;C:\Program Files\IBM\Java90\bin;C:\Program Files\ibm\gsk8\lib64;C:\Program Files (x86)\ibm\gsk8\lib;C:\Program Files (x86)\PuTTY\;C:\Program Files (x86)\WinMerge;C:\Program Files\IBM\Bluemix\bin;C:\Program Files\CloudFoundry;C:\Program Files\IBM\MQ\tools\c\sample;C:\Program Files\IBM\MQ\bin64;C:\Program Files\IBM\MQ\bin;C:\Program Files\nodejs\;C:\Program Files\Intel\WiFi\bin\;C:\Program Files\Common Files\Intel\WirelessCommon\;C:\Program Files\IBM\Java80\bin;C:\Users\IBM_ADMIN\Downloads\G2O - IUA - cURL\(1) - Binaries\curl_7.52.1_winX64_ssl\winssl;D:\ProgramFiles\apache-maven-3.3.9\bin;D:\ProgramFiles\curl;C:\Program Files\IBM\node;C:\Program Files\Docker Toolbox;C:\Users\IBM_ADMIN\AppData\Local\atom\bin;C:\Program Files\Microsoft VS Code\bin;C:\Program Files\MQoC;C:\Go\bin;C:\Program Files\Git;C:\Users\IBM_ADMIN\AppData\Roaming\npm;."/>
    <property name="java.vendor.url" value="http://www.ibm.com/"/>
    <property name="java.vm.vendor" value="IBM Corporation"/>
    <property name="java.fullversion" value="JRE 1.8.0 IBM J9 2.8 Windows 7 amd64-64 Compressed References 20161209_329148 (JIT enabled, AOT enabled)&#10;J9VM - R28_20161209_1345_B329148&#10;JIT  - tr.r14.java.green_20161207_128946&#10;GC   - R28_20161209_1345_B329148_CMPRSS&#10;J9CL - 20161209_329148"/>
    <property name="maven.home" value="C:\Users\IBM_ADMIN\ICO\document\EMBEDDED"/>
    <property name="java.runtime.name" value="Java(TM) SE Runtime Environment"/>
    <property name="sun.java.command" value="org.codehaus.plexus.classworlds.launcher.Launcher -B install"/>
    <property name="java.class.path" value="/C:/Users/IBM_ADMIN/Downloads/eclipse-java-neon-2-win32-x86_64/eclipse/plugins/org.eclipse.m2e.maven.runtime_1.8.1.20170728-1531/jars/plexus-classworlds-2.5.2.jar"/>
    <property name="java.vm.specification.name" value="Java Virtual Machine Specification"/>
    <property name="java.vm.specification.version" value="1.8"/>
    <property name="sun.cpu.endian" value="little"/>
    <property name="java.io.tmpdir" value="C:\Users\IBM_AD~1\AppData\Local\Temp\"/>
    <property name="maven.multiModuleProjectDirectory" value="C:\Users\IBM_ADMIN\ICO\document"/>
    <property name="ibm.system.encoding" value="Cp1252"/>
    <property name="os.arch" value="amd64"/>
    <property name="java.awt.graphicsenv" value="sun.awt.Win32GraphicsEnvironment"/>
    <property name="ibm.signalhandling.rs" value="false"/>
    <property name="java.ext.dirs" value="C:\Program Files\IBM\Java80\jre\lib\ext"/>
    <property name="user.dir" value="C:\Users\IBM_ADMIN\ICO\document"/>
    <property name="line.separator" value="&#10;"/>
    <property name="java.vm.name" value="IBM J9 VM"/>
    <property name="com.ibm.oti.shared.enabled" value="false"/>
    <property name="com.ibm.vm.bitmode" value="64"/>
    <property name="file.encoding" value="Cp1252"/>
    <property name="com.ibm.oti.configuration" value="scar"/>
    <property name="java.specification.version" value="1.8"/>
    <property name="com.ibm.oti.jcl.build" value="20161209_329148"/>
  </properties>
  <testcase name="testApp" classname="com.tika.document.AppTest" time="0.002"/>
</testsuite>